<?xml version="1.0" encoding="UTF-8"?>
<testsuites>
  <testsuite name="phptravels_net_login_page" timestamp="2018-11-14T20:42:19" time="21.519" tests="1" failures="0" errors="1" skipped="0">
    <properties>
      <property name="specId" value="35d30c04e838e3346b9b06f6629ca155"/>
      <property name="suiteName" value="phptravels.net login page"/>
      <property name="capabilities" value="chrome"/>
    </properties>
    <testcase classname="chrome.phptravels.net login page" name="should allow user to login " time="21.518">
      <error message="&#xA;element (&quot;//*[@class=&quot;foot-brand center-block img-responsive&quot;]&quot;) still not visible after 10000ms&#xA;"/>
      <system-out>
        <![CDATA[
COMMAND: POST http://127.0.0.1:4444/wd/hub/session/e3675fd8f20aab60e17a0cd8557ba01a/url - {"url":"http://www.phptravels.net/login"}
RESULT: {"sessionId":"e3675fd8f20aab60e17a0cd8557ba01a","status":0,"value":null}
COMMAND: POST http://127.0.0.1:4444/wd/hub/session/e3675fd8f20aab60e17a0cd8557ba01a/element - {"using":"xpath","value":"//*[@class=\"foot-brand center-block img-responsive\"]"}
RESULT: {"message":"no such element: Unable to locate element: {\"method\":\"xpath\",\"selector\":\"//*[@class=\"foot-brand center-block img-responsive\"]\"}","type":"RuntimeError","seleniumStack":{"type":"NoSuchElement","message":"An element could not be located on the page using the given search parameters.","orgStatusMessage":"no such element: Unable to locate element: {\"method\":\"xpath\",\"selector\":\"//*[@class=\"foot-brand center-block img-responsive\"]\"}\n  (Session info: chrome=70.0.3538.102)\n  (Driver info: chromedriver=2.41.578706 (5f725d1b4f0a4acbf5259df887244095596231db),platform=Mac OS X 10.13.0 x86_64)"}}
COMMAND: POST http://127.0.0.1:4444/wd/hub/session/e3675fd8f20aab60e17a0cd8557ba01a/elements - {"using":"xpath","value":"//*[@class=\"foot-brand center-block img-responsive\"]"}
RESULT: {"sessionId":"e3675fd8f20aab60e17a0cd8557ba01a","status":0,"value":[]}
COMMAND: POST http://127.0.0.1:4444/wd/hub/session/e3675fd8f20aab60e17a0cd8557ba01a/element - {"using":"xpath","value":"//*[@class=\"foot-brand center-block img-responsive\"]"}
RESULT: {"message":"no such element: Unable to locate element: {\"method\":\"xpath\",\"selector\":\"//*[@class=\"foot-brand center-block img-responsive\"]\"}","type":"RuntimeError","seleniumStack":{"type":"NoSuchElement","message":"An element could not be located on the page using the given search parameters.","orgStatusMessage":"no such element: Unable to locate element: {\"method\":\"xpath\",\"selector\":\"//*[@class=\"foot-brand center-block img-responsive\"]\"}\n  (Session info: chrome=70.0.3538.102)\n  (Driver info: chromedriver=2.41.578706 (5f725d1b4f0a4acbf5259df887244095596231db),platform=Mac OS X 10.13.0 x86_64)"}}
COMMAND: POST http://127.0.0.1:4444/wd/hub/session/e3675fd8f20aab60e17a0cd8557ba01a/elements - {"using":"xpath","value":"//*[@class=\"foot-brand center-block img-responsive\"]"}
RESULT: {"sessionId":"e3675fd8f20aab60e17a0cd8557ba01a","status":0,"value":[]}
COMMAND: POST http://127.0.0.1:4444/wd/hub/session/e3675fd8f20aab60e17a0cd8557ba01a/elements - {"using":"xpath","value":"//*[@class=\"foot-brand center-block img-responsive\"]"}
RESULT: {"sessionId":"e3675fd8f20aab60e17a0cd8557ba01a","status":0,"value":[]}
COMMAND: POST http://127.0.0.1:4444/wd/hub/session/e3675fd8f20aab60e17a0cd8557ba01a/elements - {"using":"xpath","value":"//*[@class=\"foot-brand center-block img-responsive\"]"}
RESULT: {"sessionId":"e3675fd8f20aab60e17a0cd8557ba01a","status":0,"value":[]}
COMMAND: POST http://127.0.0.1:4444/wd/hub/session/e3675fd8f20aab60e17a0cd8557ba01a/elements - {"using":"xpath","value":"//*[@class=\"foot-brand center-block img-responsive\"]"}
RESULT: {"sessionId":"e3675fd8f20aab60e17a0cd8557ba01a","status":0,"value":[]}
COMMAND: POST http://127.0.0.1:4444/wd/hub/session/e3675fd8f20aab60e17a0cd8557ba01a/elements - {"using":"xpath","value":"//*[@class=\"foot-brand center-block img-responsive\"]"}
RESULT: {"sessionId":"e3675fd8f20aab60e17a0cd8557ba01a","status":0,"value":[]}
COMMAND: POST http://127.0.0.1:4444/wd/hub/session/e3675fd8f20aab60e17a0cd8557ba01a/elements - {"using":"xpath","value":"//*[@class=\"foot-brand center-block img-responsive\"]"}
RESULT: {"sessionId":"e3675fd8f20aab60e17a0cd8557ba01a","status":0,"value":[]}
COMMAND: POST http://127.0.0.1:4444/wd/hub/session/e3675fd8f20aab60e17a0cd8557ba01a/elements - {"using":"xpath","value":"//*[@class=\"foot-brand center-block img-responsive\"]"}
RESULT: {"sessionId":"e3675fd8f20aab60e17a0cd8557ba01a","status":0,"value":[]}
COMMAND: POST http://127.0.0.1:4444/wd/hub/session/e3675fd8f20aab60e17a0cd8557ba01a/elements - {"using":"xpath","value":"//*[@class=\"foot-brand center-block img-responsive\"]"}
RESULT: {"sessionId":"e3675fd8f20aab60e17a0cd8557ba01a","status":0,"value":[]}
COMMAND: POST http://127.0.0.1:4444/wd/hub/session/e3675fd8f20aab60e17a0cd8557ba01a/elements - {"using":"xpath","value":"//*[@class=\"foot-brand center-block img-responsive\"]"}
RESULT: {"sessionId":"e3675fd8f20aab60e17a0cd8557ba01a","status":0,"value":[]}
COMMAND: POST http://127.0.0.1:4444/wd/hub/session/e3675fd8f20aab60e17a0cd8557ba01a/elements - {"using":"xpath","value":"//*[@class=\"foot-brand center-block img-responsive\"]"}
RESULT: {"sessionId":"e3675fd8f20aab60e17a0cd8557ba01a","status":0,"value":[]}
COMMAND: POST http://127.0.0.1:4444/wd/hub/session/e3675fd8f20aab60e17a0cd8557ba01a/elements - {"using":"xpath","value":"//*[@class=\"foot-brand center-block img-responsive\"]"}
RESULT: {"sessionId":"e3675fd8f20aab60e17a0cd8557ba01a","status":0,"value":[]}
COMMAND: POST http://127.0.0.1:4444/wd/hub/session/e3675fd8f20aab60e17a0cd8557ba01a/elements - {"using":"xpath","value":"//*[@class=\"foot-brand center-block img-responsive\"]"}
RESULT: {"sessionId":"e3675fd8f20aab60e17a0cd8557ba01a","status":0,"value":[]}
COMMAND: POST http://127.0.0.1:4444/wd/hub/session/e3675fd8f20aab60e17a0cd8557ba01a/elements - {"using":"xpath","value":"//*[@class=\"foot-brand center-block img-responsive\"]"}
RESULT: {"sessionId":"e3675fd8f20aab60e17a0cd8557ba01a","status":0,"value":[]}
COMMAND: POST http://127.0.0.1:4444/wd/hub/session/e3675fd8f20aab60e17a0cd8557ba01a/elements - {"using":"xpath","value":"//*[@class=\"foot-brand center-block img-responsive\"]"}
RESULT: {"sessionId":"e3675fd8f20aab60e17a0cd8557ba01a","status":0,"value":[]}
COMMAND: POST http://127.0.0.1:4444/wd/hub/session/e3675fd8f20aab60e17a0cd8557ba01a/elements - {"using":"xpath","value":"//*[@class=\"foot-brand center-block img-responsive\"]"}
RESULT: {"sessionId":"e3675fd8f20aab60e17a0cd8557ba01a","status":0,"value":[]}
COMMAND: POST http://127.0.0.1:4444/wd/hub/session/e3675fd8f20aab60e17a0cd8557ba01a/elements - {"using":"xpath","value":"//*[@class=\"foot-brand center-block img-responsive\"]"}
RESULT: {"sessionId":"e3675fd8f20aab60e17a0cd8557ba01a","status":0,"value":[]}
COMMAND: POST http://127.0.0.1:4444/wd/hub/session/e3675fd8f20aab60e17a0cd8557ba01a/elements - {"using":"xpath","value":"//*[@class=\"foot-brand center-block img-responsive\"]"}
RESULT: {"sessionId":"e3675fd8f20aab60e17a0cd8557ba01a","status":0,"value":[]}
COMMAND: POST http://127.0.0.1:4444/wd/hub/session/e3675fd8f20aab60e17a0cd8557ba01a/elements - {"using":"xpath","value":"//*[@class=\"foot-brand center-block img-responsive\"]"}
RESULT: {"sessionId":"e3675fd8f20aab60e17a0cd8557ba01a","status":0,"value":[]}
COMMAND: POST http://127.0.0.1:4444/wd/hub/session/e3675fd8f20aab60e17a0cd8557ba01a/elements - {"using":"xpath","value":"//*[@class=\"foot-brand center-block img-responsive\"]"}
RESULT: {"sessionId":"e3675fd8f20aab60e17a0cd8557ba01a","status":0,"value":[]}
COMMAND: POST http://127.0.0.1:4444/wd/hub/session/e3675fd8f20aab60e17a0cd8557ba01a/elements - {"using":"xpath","value":"//*[@class=\"foot-brand center-block img-responsive\"]"}
RESULT: {"sessionId":"e3675fd8f20aab60e17a0cd8557ba01a","status":0,"value":[]}
COMMAND: POST http://127.0.0.1:4444/wd/hub/session/e3675fd8f20aab60e17a0cd8557ba01a/elements - {"using":"xpath","value":"//*[@class=\"foot-brand center-block img-responsive\"]"}
COMMAND: GET http://127.0.0.1:4444/wd/hub/session/e3675fd8f20aab60e17a0cd8557ba01a/screenshot - {}
RESULT: {"sessionId":"e3675fd8f20aab60e17a0cd8557ba01a","status":0,"value":[]}
RESULT: null
COMMAND: DELETE http://127.0.0.1:4444/wd/hub/session/e3675fd8f20aab60e17a0cd8557ba01a - {}
RESULT: {"sessionId":"e3675fd8f20aab60e17a0cd8557ba01a","status":0,"value":null}
]]>
      </system-out>
      <system-err>
        <![CDATA[
Error: element ("//*[@class="foot-brand center-block img-responsive"]") still not visible after 10000ms
    at Object.wait (/Users/priyankahasija/Desktop/training/webdriverIO/node_modules/fibers/future.js:449:15)
    at Object.waitForVisible (/Users/priyankahasija/Desktop/training/webdriverIO/node_modules/wdio-sync/build/index.js:345:27)
    at LoginPage.waitForloginPageToLoad (/Users/priyankahasija/Desktop/training/webdriverIO/test/pageobjects/login.page.js:28:26)
    at LoginPage.login (/Users/priyankahasija/Desktop/training/webdriverIO/test/pageobjects/login.page.js:33:12)
    at Context.<anonymous> (/Users/priyankahasija/Desktop/training/webdriverIO/test/specs/user-login.spec.js:13:15)
    at /Users/priyankahasija/Desktop/training/webdriverIO/node_modules/wdio-sync/build/index.js:649:20
    - - - - -
    at elements("//*[@class="foot-brand center-block img-responsive"]") - isVisible.js:54:17
    at isVisible("//*[@class="foot-brand center-block img-responsive"]") - waitForVisible.js:73:22
]]>
      </system-err>
    </testcase>
  </testsuite>
</testsuites>